01-Aug-2025 09:38:49.738 INFO [main] org.apache.catalina.startup.VersionLoggerListener.log Server version name:   Apache Tomcat/9.0.82
01-Aug-2025 09:38:49.743 INFO [main] org.apache.catalina.startup.VersionLoggerListener.log Server built:          Oct 11 2023 13:15:08 UTC
01-Aug-2025 09:38:49.743 INFO [main] org.apache.catalina.startup.VersionLoggerListener.log Server version number: 9.0.82.0
01-Aug-2025 09:38:49.744 INFO [main] org.apache.catalina.startup.VersionLoggerListener.log OS Name:               Windows 10
01-Aug-2025 09:38:49.744 INFO [main] org.apache.catalina.startup.VersionLoggerListener.log OS Version:            10.0
01-Aug-2025 09:38:49.744 INFO [main] org.apache.catalina.startup.VersionLoggerListener.log Architecture:          amd64
01-Aug-2025 09:38:49.744 INFO [main] org.apache.catalina.startup.VersionLoggerListener.log Java Home:             C:\Program Files\Java\jdk-21
01-Aug-2025 09:38:49.744 INFO [main] org.apache.catalina.startup.VersionLoggerListener.log JVM Version:           21.0.2+13-LTS-58
01-Aug-2025 09:38:49.744 INFO [main] org.apache.catalina.startup.VersionLoggerListener.log JVM Vendor:            Oracle Corporation
01-Aug-2025 09:38:49.744 INFO [main] org.apache.catalina.startup.VersionLoggerListener.log CATALINA_BASE:         D:\MyDocuments\File\Web\StoreWebsite
01-Aug-2025 09:38:49.744 INFO [main] org.apache.catalina.startup.VersionLoggerListener.log CATALINA_HOME:         C:\Users\n21dc\Downloads\apache-tomcat-9.0.82
01-Aug-2025 09:38:49.756 INFO [main] org.apache.catalina.startup.VersionLoggerListener.log Command line argument: --add-opens=java.base/java.lang=ALL-UNNAMED
01-Aug-2025 09:38:49.756 INFO [main] org.apache.catalina.startup.VersionLoggerListener.log Command line argument: --add-opens=java.base/java.io=ALL-UNNAMED
01-Aug-2025 09:38:49.756 INFO [main] org.apache.catalina.startup.VersionLoggerListener.log Command line argument: --add-opens=java.base/java.util=ALL-UNNAMED
01-Aug-2025 09:38:49.756 INFO [main] org.apache.catalina.startup.VersionLoggerListener.log Command line argument: --add-opens=java.base/java.util.concurrent=ALL-UNNAMED
01-Aug-2025 09:38:49.756 INFO [main] org.apache.catalina.startup.VersionLoggerListener.log Command line argument: --add-opens=java.rmi/sun.rmi.transport=ALL-UNNAMED
01-Aug-2025 09:38:49.756 INFO [main] org.apache.catalina.startup.VersionLoggerListener.log Command line argument: -Dcatalina.home=C:\Users\n21dc\Downloads\apache-tomcat-9.0.82
01-Aug-2025 09:38:49.756 INFO [main] org.apache.catalina.startup.VersionLoggerListener.log Command line argument: -Dcatalina.base=D:\MyDocuments\File\Web\StoreWebsite
01-Aug-2025 09:38:49.756 INFO [main] org.apache.catalina.startup.VersionLoggerListener.log Command line argument: -Djava.io.tmpdir=D:\MyDocuments\File\Web\StoreWebsite\temp
01-Aug-2025 09:38:49.757 INFO [main] org.apache.catalina.startup.VersionLoggerListener.log Command line argument: -Djava.util.logging.config.file=D:\MyDocuments\File\Web\StoreWebsite\conf\logging.properties
01-Aug-2025 09:38:49.757 INFO [main] org.apache.catalina.startup.VersionLoggerListener.log Command line argument: -Djava.util.logging.manager=org.apache.juli.ClassLoaderLogManager
01-Aug-2025 09:38:49.757 INFO [main] org.apache.catalina.startup.VersionLoggerListener.log Command line argument: -javaagent:C:\Program Files\JetBrains\IntelliJ IDEA 2024.2.3\lib\idea_rt.jar=50768:C:\Program Files\JetBrains\IntelliJ IDEA 2024.2.3\bin
01-Aug-2025 09:38:49.757 INFO [main] org.apache.catalina.startup.VersionLoggerListener.log Command line argument: -Dfile.encoding=UTF-8
01-Aug-2025 09:38:49.757 INFO [main] org.apache.catalina.startup.VersionLoggerListener.log Command line argument: -Dsun.stdout.encoding=UTF-8
01-Aug-2025 09:38:49.757 INFO [main] org.apache.catalina.startup.VersionLoggerListener.log Command line argument: -Dsun.stderr.encoding=UTF-8
01-Aug-2025 09:38:49.769 INFO [main] org.apache.catalina.core.AprLifecycleListener.lifecycleEvent The Apache Tomcat Native library which allows using OpenSSL was not found on the java.library.path: [C:\Program Files\Java\jdk-21\bin;C:\WINDOWS\Sun\Java\bin;C:\WINDOWS\system32;C:\WINDOWS;C:\Program Files (x86)\VMware\VMware Workstation\bin\;C:\Program Files\Common Files\Oracle\Java\javapath;C:\WINDOWS\system32;C:\WINDOWS;C:\WINDOWS\System32\Wbem;C:\WINDOWS\System32\WindowsPowerShell\v1.0\;C:\WINDOWS\System32\OpenSSH\;C:\Program Files\Microsoft SQL Server\120\DTS\Binn\;C:\Program Files\Microsoft SQL Server\Client SDK\ODBC\110\Tools\Binn\;C:\Program Files (x86)\Microsoft SQL Server\120\Tools\Binn\;C:\Program Files\Microsoft SQL Server\120\Tools\Binn\;C:\Program Files (x86)\Microsoft SQL Server\120\Tools\Binn\ManagementStudio\;C:\Program Files (x86)\Microsoft SQL Server\120\DTS\Binn\;C:\Program Files (x86)\Microsoft SQL Server\140\Tools\Binn\;C:\Program Files\Microsoft SQL Server\140\Tools\Binn\;C:\Program Files (x86)\Microsoft SQL Server\140\DTS\Binn\;C:\Program Files\Microsoft SQL Server\140\DTS\Binn\;C:\Program Files\Microsoft SQL Server\Client SDK\ODBC\130\Tools\Binn\;C:\Program Files\Microsoft SQL Server\150\Tools\Binn\;C:\Program Files\Microsoft SQL Server\Client SDK\ODBC\170\Tools\Binn\;C:\Program Files\dotnet\;C:\Program Files\Git\cmd;C:\Users\n21dc\AppData\Local\Programs\Python\Python310\Scripts\;C:\Users\n21dc\AppData\Local\Programs\Python\Python310\;C:\Users\n21dc\AppData\Local\Microsoft\WindowsApps;C:\Program Files\JetBrains\IntelliJ IDEA Community Edition 2024.1.3\bin;C:\Users\n21dc\.dotnet\tools;C:\Users\n21dc\AppData\Local\Programs\Microsoft VS Code\bin;C:\Users\n21dc\AppData\Local\JetBrains\Toolbox\scripts;;C:\Program Files\JetBrains\IntelliJ IDEA 2024.2.3\bin;;.]
01-Aug-2025 09:38:50.191 INFO [main] org.apache.coyote.AbstractProtocol.init Initializing ProtocolHandler ["http-nio-9999"]
01-Aug-2025 09:38:50.208 INFO [main] org.apache.catalina.startup.Catalina.load Server initialization in [762] milliseconds
01-Aug-2025 09:38:50.262 INFO [main] org.apache.catalina.core.StandardService.startInternal Starting service [Catalina]
01-Aug-2025 09:38:50.262 INFO [main] org.apache.catalina.core.StandardEngine.startInternal Starting Servlet engine: [Apache Tomcat/9.0.82]
01-Aug-2025 09:38:50.273 INFO [main] org.apache.catalina.startup.HostConfig.deployDescriptor Deploying deployment descriptor [D:\MyDocuments\File\Web\StoreWebsite\conf\Catalina\localhost\StoreWebsite.xml]
01-Aug-2025 09:38:50.694 WARNING [main] org.apache.tomcat.util.descriptor.web.WebXml.setVersion Unknown version string [5.0]. Default version will be used.
01-Aug-2025 09:38:55.848 INFO [main] org.apache.jasper.servlet.TldScanner.scanJars At least one JAR was scanned for TLDs yet contained no TLDs. Enable debug logging for this logger for a complete list of JARs that were scanned but no TLDs were found in them. Skipping unneeded JARs during scanning can improve startup time and JSP compilation time.
01-Aug-2025 09:38:56.160 INFO [main] org.hibernate.jpa.internal.util.LogHelper.logPersistenceUnitInformation HHH000204: Processing PersistenceUnitInfo [name: StoreWebsite]
01-Aug-2025 09:38:56.378 INFO [main] org.hibernate.Version.logVersion HHH000412: Hibernate ORM core version 5.6.15.Final
01-Aug-2025 09:38:56.961 INFO [main] org.hibernate.annotations.common.reflection.java.JavaReflectionManager.<clinit> HCANN000001: Hibernate Commons Annotations {5.1.2.Final}
01-Aug-2025 09:38:57.606 INFO [main] org.hibernate.c3p0.internal.C3P0ConnectionProvider.configure HHH010002: C3P0 using driver: com.mysql.jdbc.Driver at URL: jdbc:mysql://localhost:3306/storedb?useSSL=false
01-Aug-2025 09:38:57.606 INFO [main] org.hibernate.c3p0.internal.C3P0ConnectionProvider.configure HHH10001001: Connection properties: {password=****, user=root}
01-Aug-2025 09:38:57.606 INFO [main] org.hibernate.c3p0.internal.C3P0ConnectionProvider.configure HHH10001003: Autocommit mode: false
01-Aug-2025 09:38:57.683 INFO [MLog-Init-Reporter] com.mchange.v2.log.MLog. MLog clients using java 1.4+ standard logging.
01-Aug-2025 09:38:57.875 INFO [main] com.mchange.v2.c3p0.C3P0Registry. Initializing c3p0-0.9.5.5 [built 11-December-2019 22:18:33 -0800; debug? true; trace: 10]
01-Aug-2025 09:38:58.020 INFO [main] org.hibernate.c3p0.internal.C3P0ConnectionProvider.configure HHH10001007: JDBC isolation level: <unknown>
01-Aug-2025 09:38:58.078 INFO [main] com.mchange.v2.c3p0.impl.AbstractPoolBackedDataSource. Initializing c3p0 pool... com.mchange.v2.c3p0.PoolBackedDataSource@a9cd9a85 [ connectionPoolDataSource -> com.mchange.v2.c3p0.WrapperConnectionPoolDataSource@eee7eee3 [ acquireIncrement -> 3, acquireRetryAttempts -> 30, acquireRetryDelay -> 1000, autoCommitOnClose -> false, automaticTestTable -> null, breakAfterAcquireFailure -> false, checkoutTimeout -> 0, connectionCustomizerClassName -> null, connectionTesterClassName -> com.mchange.v2.c3p0.impl.DefaultConnectionTester, contextClassLoaderSource -> caller, debugUnreturnedConnectionStackTraces -> false, factoryClassLocation -> null, forceIgnoreUnresolvedTransactions -> false, forceSynchronousCheckins -> false, identityToken -> 1hge394bcrluhh99oxph6|4d356547, idleConnectionTestPeriod -> 0, initialPoolSize -> 3, maxAdministrativeTaskTime -> 0, maxConnectionAge -> 0, maxIdleTime -> 0, maxIdleTimeExcessConnections -> 0, maxPoolSize -> 15, maxStatements -> 0, maxStatementsPerConnection -> 0, minPoolSize -> 3, nestedDataSource -> com.mchange.v2.c3p0.DriverManagerDataSource@bcf82a8c [ description -> null, driverClass -> null, factoryClassLocation -> null, forceUseNamedDriverClass -> false, identityToken -> 1hge394bcrluhh99oxph6|2d45050c, jdbcUrl -> jdbc:mysql://localhost:3306/storedb?useSSL=false, properties -> {password=******, user=******} ], preferredTestQuery -> null, privilegeSpawnedThreads -> false, propertyCycle -> 0, statementCacheNumDeferredCloseThreads -> 0, testConnectionOnCheckin -> false, testConnectionOnCheckout -> false, unreturnedConnectionTimeout -> 0, usesTraditionalReflectiveProxies -> false; userOverrides: {} ], dataSourceName -> null, extensions -> {}, factoryClassLocation -> null, identityToken -> 1hge394bcrluhh99oxph6|3248b221, numHelperThreads -> 3 ]
01-Aug-2025 09:38:58.661 INFO [main] org.hibernate.dialect.Dialect.<init> HHH000400: Using dialect: org.hibernate.dialect.MySQL8Dialect
01-Aug-2025 09:39:00.905 INFO [main] org.hibernate.engine.transaction.jta.platform.internal.JtaPlatformInitiator.initiateService HHH000490: Using JtaPlatform implementation: [org.hibernate.engine.transaction.jta.platform.internal.NoJtaPlatform]
01-Aug-2025 09:39:01.511 INFO [main] org.apache.catalina.startup.HostConfig.deployDescriptor Deployment of deployment descriptor [D:\MyDocuments\File\Web\StoreWebsite\conf\Catalina\localhost\StoreWebsite.xml] has finished in [11,237] ms
01-Aug-2025 09:39:01.515 INFO [main] org.apache.coyote.AbstractProtocol.start Starting ProtocolHandler ["http-nio-9999"]
01-Aug-2025 09:39:01.532 INFO [main] org.apache.catalina.startup.Catalina.start Server startup in [11322] milliseconds
01-Aug-2025 10:49:24.151 INFO [Thread-5] org.apache.coyote.AbstractProtocol.pause Pausing ProtocolHandler ["http-nio-9999"]
01-Aug-2025 10:49:24.158 INFO [Thread-5] org.apache.catalina.core.StandardService.stopInternal Stopping service [Catalina]
01-Aug-2025 10:49:24.190 WARNING [Thread-5] org.apache.catalina.loader.WebappClassLoaderBase.clearReferencesJdbc The web application [StoreWebsite] registered the JDBC driver [com.mysql.cj.jdbc.Driver] but failed to unregister it when the web application was stopped. To prevent a memory leak, the JDBC Driver has been forcibly unregistered.
01-Aug-2025 10:49:24.191 WARNING [Thread-5] org.apache.catalina.loader.WebappClassLoaderBase.clearReferencesThreads The web application [StoreWebsite] appears to have started a thread named [mysql-cj-abandoned-connection-cleanup] but has failed to stop it. This is very likely to create a memory leak. Stack trace of thread:
 java.base/jdk.internal.misc.Unsafe.park(Native Method)
 java.base/java.util.concurrent.locks.LockSupport.parkNanos(LockSupport.java:269)
 java.base/java.util.concurrent.locks.AbstractQueuedSynchronizer$ConditionObject.await(AbstractQueuedSynchronizer.java:1847)
 java.base/java.lang.ref.ReferenceQueue.await(ReferenceQueue.java:71)
 java.base/java.lang.ref.ReferenceQueue.remove0(ReferenceQueue.java:143)
 java.base/java.lang.ref.ReferenceQueue.remove(ReferenceQueue.java:218)
 com.mysql.cj.jdbc.AbandonedConnectionCleanupThread.run(AbandonedConnectionCleanupThread.java:93)
 java.base/java.util.concurrent.ThreadPoolExecutor.runWorker(ThreadPoolExecutor.java:1144)
 java.base/java.util.concurrent.ThreadPoolExecutor$Worker.run(ThreadPoolExecutor.java:642)
 java.base/java.lang.Thread.run(Thread.java:1583)
01-Aug-2025 10:49:24.192 WARNING [Thread-5] org.apache.catalina.loader.WebappClassLoaderBase.clearReferencesThreads The web application [StoreWebsite] appears to have started a thread named [C3P0PooledConnectionPoolManager[identityToken->1hge394bcrluhh99oxph6|3248b221]-AdminTaskTimer] but has failed to stop it. This is very likely to create a memory leak. Stack trace of thread:
 java.base/java.lang.Object.wait0(Native Method)
 java.base/java.lang.Object.wait(Object.java:366)
 java.base/java.util.TimerThread.mainLoop(Timer.java:563)
 java.base/java.util.TimerThread.run(Timer.java:516)
01-Aug-2025 10:49:24.192 WARNING [Thread-5] org.apache.catalina.loader.WebappClassLoaderBase.clearReferencesThreads The web application [StoreWebsite] appears to have started a thread named [C3P0PooledConnectionPoolManager[identityToken->1hge394bcrluhh99oxph6|3248b221]-HelperThread-#0] but has failed to stop it. This is very likely to create a memory leak. Stack trace of thread:
 java.base/java.lang.Object.wait0(Native Method)
 java.base/java.lang.Object.wait(Object.java:366)
 com.mchange.v2.async.ThreadPoolAsynchronousRunner$PoolThread.run(ThreadPoolAsynchronousRunner.java:683)
01-Aug-2025 10:49:24.192 WARNING [Thread-5] org.apache.catalina.loader.WebappClassLoaderBase.clearReferencesThreads The web application [StoreWebsite] appears to have started a thread named [C3P0PooledConnectionPoolManager[identityToken->1hge394bcrluhh99oxph6|3248b221]-HelperThread-#1] but has failed to stop it. This is very likely to create a memory leak. Stack trace of thread:
 java.base/java.lang.Object.wait0(Native Method)
 java.base/java.lang.Object.wait(Object.java:366)
 com.mchange.v2.async.ThreadPoolAsynchronousRunner$PoolThread.run(ThreadPoolAsynchronousRunner.java:683)
01-Aug-2025 10:49:24.192 WARNING [Thread-5] org.apache.catalina.loader.WebappClassLoaderBase.clearReferencesThreads The web application [StoreWebsite] appears to have started a thread named [C3P0PooledConnectionPoolManager[identityToken->1hge394bcrluhh99oxph6|3248b221]-HelperThread-#2] but has failed to stop it. This is very likely to create a memory leak. Stack trace of thread:
 java.base/java.lang.Object.wait0(Native Method)
 java.base/java.lang.Object.wait(Object.java:366)
 com.mchange.v2.async.ThreadPoolAsynchronousRunner$PoolThread.run(ThreadPoolAsynchronousRunner.java:683)
01-Aug-2025 10:49:24.208 INFO [Thread-5] org.apache.coyote.AbstractProtocol.stop Stopping ProtocolHandler ["http-nio-9999"]
01-Aug-2025 10:49:24.241 INFO [Thread-5] org.apache.coyote.AbstractProtocol.destroy Destroying ProtocolHandler ["http-nio-9999"]
