21-Jul-2025 09:23:11.973 SEVERE [http-nio-9999-exec-4] org.apache.catalina.core.ApplicationDispatcher.invoke Servlet.service() for servlet [jsp] threw exception
	javax.el.PropertyNotFoundException: Property [productId] not found on type [com.store.DTO.ImportDetailDTO]
		at javax.el.BeanELResolver$BeanProperties.get(BeanELResolver.java:253)
		at javax.el.BeanELResolver$BeanProperties.access$300(BeanELResolver.java:206)
		at javax.el.BeanELResolver.property(BeanELResolver.java:322)
		at javax.el.BeanELResolver.getValue(BeanELResolver.java:93)
		at org.apache.jasper.el.JasperELResolver.getValue(JasperELResolver.java:125)
		at org.apache.el.parser.AstValue.getValue(AstValue.java:168)
		at org.apache.el.ValueExpressionImpl.getValue(ValueExpressionImpl.java:189)
		at org.apache.jasper.runtime.PageContextImpl.proprietaryEvaluate(PageContextImpl.java:690)
		at org.apache.jsp.admin.import_005fdetail_jsp._jspx_meth_c_005fforEach_005f0(import_005fdetail_jsp.java:572)
		at org.apache.jsp.admin.import_005fdetail_jsp._jspService(import_005fdetail_jsp.java:358)
		at org.apache.jasper.runtime.HttpJspBase.service(HttpJspBase.java:70)
		at javax.servlet.http.HttpServlet.service(HttpServlet.java:623)
		at org.apache.jasper.servlet.JspServletWrapper.service(JspServletWrapper.java:466)
		at org.apache.jasper.servlet.JspServlet.serviceJspFile(JspServlet.java:379)
		at org.apache.jasper.servlet.JspServlet.service(JspServlet.java:327)
		at javax.servlet.http.HttpServlet.service(HttpServlet.java:623)
		at org.apache.catalina.core.ApplicationFilterChain.internalDoFilter(ApplicationFilterChain.java:209)
		at org.apache.catalina.core.ApplicationFilterChain.doFilter(ApplicationFilterChain.java:153)
		at org.apache.tomcat.websocket.server.WsFilter.doFilter(WsFilter.java:51)
		at org.apache.catalina.core.ApplicationFilterChain.internalDoFilter(ApplicationFilterChain.java:178)
		at org.apache.catalina.core.ApplicationFilterChain.doFilter(ApplicationFilterChain.java:153)
		at org.apache.catalina.core.ApplicationDispatcher.invoke(ApplicationDispatcher.java:661)
		at org.apache.catalina.core.ApplicationDispatcher.processRequest(ApplicationDispatcher.java:425)
		at org.apache.catalina.core.ApplicationDispatcher.doForward(ApplicationDispatcher.java:357)
		at org.apache.catalina.core.ApplicationDispatcher.forward(ApplicationDispatcher.java:294)
		at com.store.Service.ImportDetailService.getInfoImportDetail(ImportDetailService.java:43)
		at com.store.Controller.Admin.Import.ViewImportDetailServlet.doGet(ViewImportDetailServlet.java:21)
		at javax.servlet.http.HttpServlet.service(HttpServlet.java:529)
		at javax.servlet.http.HttpServlet.service(HttpServlet.java:623)
		at org.apache.catalina.core.ApplicationFilterChain.internalDoFilter(ApplicationFilterChain.java:209)
		at org.apache.catalina.core.ApplicationFilterChain.doFilter(ApplicationFilterChain.java:153)
		at org.apache.tomcat.websocket.server.WsFilter.doFilter(WsFilter.java:51)
		at org.apache.catalina.core.ApplicationFilterChain.internalDoFilter(ApplicationFilterChain.java:178)
		at org.apache.catalina.core.ApplicationFilterChain.doFilter(ApplicationFilterChain.java:153)
		at com.store.Controller.Admin.AdminLoginFilter.doFilter(AdminLoginFilter.java:31)
		at org.apache.catalina.core.ApplicationFilterChain.internalDoFilter(ApplicationFilterChain.java:178)
		at org.apache.catalina.core.ApplicationFilterChain.doFilter(ApplicationFilterChain.java:153)
		at org.apache.catalina.core.StandardWrapperValve.invoke(StandardWrapperValve.java:168)
		at org.apache.catalina.core.StandardContextValve.invoke(StandardContextValve.java:90)
		at org.apache.catalina.authenticator.AuthenticatorBase.invoke(AuthenticatorBase.java:481)
		at org.apache.catalina.core.StandardHostValve.invoke(StandardHostValve.java:130)
		at org.apache.catalina.valves.ErrorReportValve.invoke(ErrorReportValve.java:93)
		at org.apache.catalina.valves.AbstractAccessLogValve.invoke(AbstractAccessLogValve.java:670)
		at org.apache.catalina.core.StandardEngineValve.invoke(StandardEngineValve.java:74)
		at org.apache.catalina.connector.CoyoteAdapter.service(CoyoteAdapter.java:342)
		at org.apache.coyote.http11.Http11Processor.service(Http11Processor.java:390)
		at org.apache.coyote.AbstractProcessorLight.process(AbstractProcessorLight.java:63)
		at org.apache.coyote.AbstractProtocol$ConnectionHandler.process(AbstractProtocol.java:928)
		at org.apache.tomcat.util.net.NioEndpoint$SocketProcessor.doRun(NioEndpoint.java:1794)
		at org.apache.tomcat.util.net.SocketProcessorBase.run(SocketProcessorBase.java:52)
		at org.apache.tomcat.util.threads.ThreadPoolExecutor.runWorker(ThreadPoolExecutor.java:1191)
		at org.apache.tomcat.util.threads.ThreadPoolExecutor$Worker.run(ThreadPoolExecutor.java:659)
		at org.apache.tomcat.util.threads.TaskThread$WrappingRunnable.run(TaskThread.java:61)
		at java.base/java.lang.Thread.run(Thread.java:1583)
21-Jul-2025 09:23:11.974 SEVERE [http-nio-9999-exec-4] org.apache.catalina.core.StandardWrapperValve.invoke Servlet.service() for servlet [com.store.Controller.Admin.Import.ViewImportDetailServlet] in context with path [/StoreWebsite] threw exception [An exception occurred processing [/admin/import_detail.jsp] at line [83]

80:                     <c:forEach var="import_detail" items="${importDetailList}" varStatus="status">
81:                         <tr class="table_row">
82:                             <td class="table_cell align-middle text-center">${status.index + 1}</td>
83:                             <td class="table_cell align-middle text-center">${import_detail.productId} - ${import_detail.productName}</td>
84:                             <td class="table_cell align-middle text-center">${import_detail.colorName}</td>
85:                             <td class="table_cell align-middle text-center">${import_detail.sizeName}</td>
86:                             <td class="table_cell align-middle text-center">${import_detail.materialName}</td>


Stacktrace:] with root cause
	javax.el.PropertyNotFoundException: Property [productId] not found on type [com.store.DTO.ImportDetailDTO]
		at javax.el.BeanELResolver$BeanProperties.get(BeanELResolver.java:253)
		at javax.el.BeanELResolver$BeanProperties.access$300(BeanELResolver.java:206)
		at javax.el.BeanELResolver.property(BeanELResolver.java:322)
		at javax.el.BeanELResolver.getValue(BeanELResolver.java:93)
		at org.apache.jasper.el.JasperELResolver.getValue(JasperELResolver.java:125)
		at org.apache.el.parser.AstValue.getValue(AstValue.java:168)
		at org.apache.el.ValueExpressionImpl.getValue(ValueExpressionImpl.java:189)
		at org.apache.jasper.runtime.PageContextImpl.proprietaryEvaluate(PageContextImpl.java:690)
		at org.apache.jsp.admin.import_005fdetail_jsp._jspx_meth_c_005fforEach_005f0(import_005fdetail_jsp.java:572)
		at org.apache.jsp.admin.import_005fdetail_jsp._jspService(import_005fdetail_jsp.java:358)
		at org.apache.jasper.runtime.HttpJspBase.service(HttpJspBase.java:70)
		at javax.servlet.http.HttpServlet.service(HttpServlet.java:623)
		at org.apache.jasper.servlet.JspServletWrapper.service(JspServletWrapper.java:466)
		at org.apache.jasper.servlet.JspServlet.serviceJspFile(JspServlet.java:379)
		at org.apache.jasper.servlet.JspServlet.service(JspServlet.java:327)
		at javax.servlet.http.HttpServlet.service(HttpServlet.java:623)
		at org.apache.catalina.core.ApplicationFilterChain.internalDoFilter(ApplicationFilterChain.java:209)
		at org.apache.catalina.core.ApplicationFilterChain.doFilter(ApplicationFilterChain.java:153)
		at org.apache.tomcat.websocket.server.WsFilter.doFilter(WsFilter.java:51)
		at org.apache.catalina.core.ApplicationFilterChain.internalDoFilter(ApplicationFilterChain.java:178)
		at org.apache.catalina.core.ApplicationFilterChain.doFilter(ApplicationFilterChain.java:153)
		at org.apache.catalina.core.ApplicationDispatcher.invoke(ApplicationDispatcher.java:661)
		at org.apache.catalina.core.ApplicationDispatcher.processRequest(ApplicationDispatcher.java:425)
		at org.apache.catalina.core.ApplicationDispatcher.doForward(ApplicationDispatcher.java:357)
		at org.apache.catalina.core.ApplicationDispatcher.forward(ApplicationDispatcher.java:294)
		at com.store.Service.ImportDetailService.getInfoImportDetail(ImportDetailService.java:43)
		at com.store.Controller.Admin.Import.ViewImportDetailServlet.doGet(ViewImportDetailServlet.java:21)
		at javax.servlet.http.HttpServlet.service(HttpServlet.java:529)
		at javax.servlet.http.HttpServlet.service(HttpServlet.java:623)
		at org.apache.catalina.core.ApplicationFilterChain.internalDoFilter(ApplicationFilterChain.java:209)
		at org.apache.catalina.core.ApplicationFilterChain.doFilter(ApplicationFilterChain.java:153)
		at org.apache.tomcat.websocket.server.WsFilter.doFilter(WsFilter.java:51)
		at org.apache.catalina.core.ApplicationFilterChain.internalDoFilter(ApplicationFilterChain.java:178)
		at org.apache.catalina.core.ApplicationFilterChain.doFilter(ApplicationFilterChain.java:153)
		at com.store.Controller.Admin.AdminLoginFilter.doFilter(AdminLoginFilter.java:31)
		at org.apache.catalina.core.ApplicationFilterChain.internalDoFilter(ApplicationFilterChain.java:178)
		at org.apache.catalina.core.ApplicationFilterChain.doFilter(ApplicationFilterChain.java:153)
		at org.apache.catalina.core.StandardWrapperValve.invoke(StandardWrapperValve.java:168)
		at org.apache.catalina.core.StandardContextValve.invoke(StandardContextValve.java:90)
		at org.apache.catalina.authenticator.AuthenticatorBase.invoke(AuthenticatorBase.java:481)
		at org.apache.catalina.core.StandardHostValve.invoke(StandardHostValve.java:130)
		at org.apache.catalina.valves.ErrorReportValve.invoke(ErrorReportValve.java:93)
		at org.apache.catalina.valves.AbstractAccessLogValve.invoke(AbstractAccessLogValve.java:670)
		at org.apache.catalina.core.StandardEngineValve.invoke(StandardEngineValve.java:74)
		at org.apache.catalina.connector.CoyoteAdapter.service(CoyoteAdapter.java:342)
		at org.apache.coyote.http11.Http11Processor.service(Http11Processor.java:390)
		at org.apache.coyote.AbstractProcessorLight.process(AbstractProcessorLight.java:63)
		at org.apache.coyote.AbstractProtocol$ConnectionHandler.process(AbstractProtocol.java:928)
		at org.apache.tomcat.util.net.NioEndpoint$SocketProcessor.doRun(NioEndpoint.java:1794)
		at org.apache.tomcat.util.net.SocketProcessorBase.run(SocketProcessorBase.java:52)
		at org.apache.tomcat.util.threads.ThreadPoolExecutor.runWorker(ThreadPoolExecutor.java:1191)
		at org.apache.tomcat.util.threads.ThreadPoolExecutor$Worker.run(ThreadPoolExecutor.java:659)
		at org.apache.tomcat.util.threads.TaskThread$WrappingRunnable.run(TaskThread.java:61)
		at java.base/java.lang.Thread.run(Thread.java:1583)
21-Jul-2025 09:44:21.783 SEVERE [http-nio-9999-exec-4] org.apache.catalina.core.StandardWrapperValve.invoke Servlet.service() for servlet [com.store.Controller.Admin.AdminHomePageServlet] in context with path [/StoreWebsite] threw exception [Servlet execution threw an exception] with root cause
	org.hibernate.HibernateException: Errors in named queries: 
Promotion.countUsedAllPromotionId failed because of: org.hibernate.QueryException: could not resolve property: promotionId of: com.store.Entity.OrderPromotion [SELECT COUNT(op.promotionId) AS usage_count FROM com.store.Entity.Promotion p LEFT JOIN com.store.Entity.OrderPromotion op ON p.id = op.promotionId GROUP BY p.id]
Promotion.countUsedPromotionId failed because of: org.hibernate.QueryException: could not resolve property: promotionId of: com.store.Entity.OrderPromotion [SELECT COUNT(op.promotionId) AS usage_count FROM com.store.Entity.Promotion p, com.store.Entity.OrderPromotion op WHERE p.id = op.promotionId AND p.id = :promotionId]
		at org.hibernate.internal.SessionFactoryImpl.<init>(SessionFactoryImpl.java:398)
		at org.hibernate.boot.internal.SessionFactoryBuilderImpl.build(SessionFactoryBuilderImpl.java:471)
		at org.hibernate.jpa.boot.internal.EntityManagerFactoryBuilderImpl.build(EntityManagerFactoryBuilderImpl.java:1498)
		at org.hibernate.jpa.HibernatePersistenceProvider.createEntityManagerFactory(HibernatePersistenceProvider.java:56)
		at javax.persistence.Persistence.createEntityManagerFactory(Persistence.java:79)
		at javax.persistence.Persistence.createEntityManagerFactory(Persistence.java:54)
		at com.store.DAO.JPADAO.<clinit>(JPADAO.java:12)
		at com.store.Controller.Admin.AdminHomePageServlet.doGet(AdminHomePageServlet.java:35)
		at javax.servlet.http.HttpServlet.service(HttpServlet.java:529)
		at javax.servlet.http.HttpServlet.service(HttpServlet.java:623)
		at org.apache.catalina.core.ApplicationFilterChain.internalDoFilter(ApplicationFilterChain.java:209)
		at org.apache.catalina.core.ApplicationFilterChain.doFilter(ApplicationFilterChain.java:153)
		at org.apache.tomcat.websocket.server.WsFilter.doFilter(WsFilter.java:51)
		at org.apache.catalina.core.ApplicationFilterChain.internalDoFilter(ApplicationFilterChain.java:178)
		at org.apache.catalina.core.ApplicationFilterChain.doFilter(ApplicationFilterChain.java:153)
		at com.store.Controller.Admin.AdminLoginFilter.doFilter(AdminLoginFilter.java:31)
		at org.apache.catalina.core.ApplicationFilterChain.internalDoFilter(ApplicationFilterChain.java:178)
		at org.apache.catalina.core.ApplicationFilterChain.doFilter(ApplicationFilterChain.java:153)
		at org.apache.catalina.core.StandardWrapperValve.invoke(StandardWrapperValve.java:168)
		at org.apache.catalina.core.StandardContextValve.invoke(StandardContextValve.java:90)
		at org.apache.catalina.authenticator.AuthenticatorBase.invoke(AuthenticatorBase.java:481)
		at org.apache.catalina.core.StandardHostValve.invoke(StandardHostValve.java:130)
		at org.apache.catalina.valves.ErrorReportValve.invoke(ErrorReportValve.java:93)
		at org.apache.catalina.valves.AbstractAccessLogValve.invoke(AbstractAccessLogValve.java:670)
		at org.apache.catalina.core.StandardEngineValve.invoke(StandardEngineValve.java:74)
		at org.apache.catalina.connector.CoyoteAdapter.service(CoyoteAdapter.java:342)
		at org.apache.coyote.http11.Http11Processor.service(Http11Processor.java:390)
		at org.apache.coyote.AbstractProcessorLight.process(AbstractProcessorLight.java:63)
		at org.apache.coyote.AbstractProtocol$ConnectionHandler.process(AbstractProtocol.java:928)
		at org.apache.tomcat.util.net.NioEndpoint$SocketProcessor.doRun(NioEndpoint.java:1794)
		at org.apache.tomcat.util.net.SocketProcessorBase.run(SocketProcessorBase.java:52)
		at org.apache.tomcat.util.threads.ThreadPoolExecutor.runWorker(ThreadPoolExecutor.java:1191)
		at org.apache.tomcat.util.threads.ThreadPoolExecutor$Worker.run(ThreadPoolExecutor.java:659)
		at org.apache.tomcat.util.threads.TaskThread$WrappingRunnable.run(TaskThread.java:61)
		at java.base/java.lang.Thread.run(Thread.java:1583)
21-Jul-2025 10:02:24.543 SEVERE [http-nio-9999-exec-5] org.apache.catalina.core.StandardWrapperValve.invoke Servlet.service() for servlet [com.store.Controller.Admin.Order.ViewOrderDetailServlet] in context with path [/StoreWebsite] threw exception
	java.lang.ClassCastException: class com.store.Entity.OrderPromotion cannot be cast to class com.store.Entity.OrderDetail (com.store.Entity.OrderPromotion and com.store.Entity.OrderDetail are in unnamed module of loader org.apache.catalina.loader.ParallelWebappClassLoader @1984b1f)
		at com.store.Mapper.OrderDetailMapperImpl.toDTOList(OrderDetailMapperImpl.java:49)
		at com.store.Service.OrderService.viewOrderDetailForAdmin(OrderService.java:73)
		at com.store.Controller.Admin.Order.ViewOrderDetailServlet.doGet(ViewOrderDetailServlet.java:21)
		at javax.servlet.http.HttpServlet.service(HttpServlet.java:529)
		at javax.servlet.http.HttpServlet.service(HttpServlet.java:623)
		at org.apache.catalina.core.ApplicationFilterChain.internalDoFilter(ApplicationFilterChain.java:209)
		at org.apache.catalina.core.ApplicationFilterChain.doFilter(ApplicationFilterChain.java:153)
		at org.apache.tomcat.websocket.server.WsFilter.doFilter(WsFilter.java:51)
		at org.apache.catalina.core.ApplicationFilterChain.internalDoFilter(ApplicationFilterChain.java:178)
		at org.apache.catalina.core.ApplicationFilterChain.doFilter(ApplicationFilterChain.java:153)
		at com.store.Controller.Admin.AdminLoginFilter.doFilter(AdminLoginFilter.java:31)
		at org.apache.catalina.core.ApplicationFilterChain.internalDoFilter(ApplicationFilterChain.java:178)
		at org.apache.catalina.core.ApplicationFilterChain.doFilter(ApplicationFilterChain.java:153)
		at org.apache.catalina.core.StandardWrapperValve.invoke(StandardWrapperValve.java:168)
		at org.apache.catalina.core.StandardContextValve.invoke(StandardContextValve.java:90)
		at org.apache.catalina.authenticator.AuthenticatorBase.invoke(AuthenticatorBase.java:481)
		at org.apache.catalina.core.StandardHostValve.invoke(StandardHostValve.java:130)
		at org.apache.catalina.valves.ErrorReportValve.invoke(ErrorReportValve.java:93)
		at org.apache.catalina.valves.AbstractAccessLogValve.invoke(AbstractAccessLogValve.java:670)
		at org.apache.catalina.core.StandardEngineValve.invoke(StandardEngineValve.java:74)
		at org.apache.catalina.connector.CoyoteAdapter.service(CoyoteAdapter.java:342)
		at org.apache.coyote.http11.Http11Processor.service(Http11Processor.java:390)
		at org.apache.coyote.AbstractProcessorLight.process(AbstractProcessorLight.java:63)
		at org.apache.coyote.AbstractProtocol$ConnectionHandler.process(AbstractProtocol.java:928)
		at org.apache.tomcat.util.net.NioEndpoint$SocketProcessor.doRun(NioEndpoint.java:1794)
		at org.apache.tomcat.util.net.SocketProcessorBase.run(SocketProcessorBase.java:52)
		at org.apache.tomcat.util.threads.ThreadPoolExecutor.runWorker(ThreadPoolExecutor.java:1191)
		at org.apache.tomcat.util.threads.ThreadPoolExecutor$Worker.run(ThreadPoolExecutor.java:659)
		at org.apache.tomcat.util.threads.TaskThread$WrappingRunnable.run(TaskThread.java:61)
		at java.base/java.lang.Thread.run(Thread.java:1583)
21-Jul-2025 10:04:50.932 SEVERE [http-nio-9999-exec-5] org.apache.catalina.core.ApplicationDispatcher.invoke Servlet.service() for servlet [jsp] threw exception
	javax.el.PropertyNotFoundException: Property [countryName] not found on type [com.store.DTO.OrderDTO]
		at javax.el.BeanELResolver$BeanProperties.get(BeanELResolver.java:253)
		at javax.el.BeanELResolver$BeanProperties.access$300(BeanELResolver.java:206)
		at javax.el.BeanELResolver.property(BeanELResolver.java:322)
		at javax.el.BeanELResolver.getValue(BeanELResolver.java:93)
		at org.apache.jasper.el.JasperELResolver.getValue(JasperELResolver.java:125)
		at org.apache.el.parser.AstValue.getValue(AstValue.java:168)
		at org.apache.el.ValueExpressionImpl.getValue(ValueExpressionImpl.java:189)
		at org.apache.jasper.runtime.PageContextImpl.proprietaryEvaluate(PageContextImpl.java:690)
		at org.apache.jsp.admin.order_005fdetail_jsp._jspx_meth_c_005fif_005f4(order_005fdetail_jsp.java:971)
		at org.apache.jsp.admin.order_005fdetail_jsp._jspService(order_005fdetail_jsp.java:410)
		at org.apache.jasper.runtime.HttpJspBase.service(HttpJspBase.java:70)
		at javax.servlet.http.HttpServlet.service(HttpServlet.java:623)
		at org.apache.jasper.servlet.JspServletWrapper.service(JspServletWrapper.java:466)
		at org.apache.jasper.servlet.JspServlet.serviceJspFile(JspServlet.java:379)
		at org.apache.jasper.servlet.JspServlet.service(JspServlet.java:327)
		at javax.servlet.http.HttpServlet.service(HttpServlet.java:623)
		at org.apache.catalina.core.ApplicationFilterChain.internalDoFilter(ApplicationFilterChain.java:209)
		at org.apache.catalina.core.ApplicationFilterChain.doFilter(ApplicationFilterChain.java:153)
		at org.apache.tomcat.websocket.server.WsFilter.doFilter(WsFilter.java:51)
		at org.apache.catalina.core.ApplicationFilterChain.internalDoFilter(ApplicationFilterChain.java:178)
		at org.apache.catalina.core.ApplicationFilterChain.doFilter(ApplicationFilterChain.java:153)
		at org.apache.catalina.core.ApplicationDispatcher.invoke(ApplicationDispatcher.java:661)
		at org.apache.catalina.core.ApplicationDispatcher.processRequest(ApplicationDispatcher.java:425)
		at org.apache.catalina.core.ApplicationDispatcher.doForward(ApplicationDispatcher.java:357)
		at org.apache.catalina.core.ApplicationDispatcher.forward(ApplicationDispatcher.java:294)
		at com.store.Service.OrderService.viewOrderDetailForAdmin(OrderService.java:83)
		at com.store.Controller.Admin.Order.ViewOrderDetailServlet.doGet(ViewOrderDetailServlet.java:21)
		at javax.servlet.http.HttpServlet.service(HttpServlet.java:529)
		at javax.servlet.http.HttpServlet.service(HttpServlet.java:623)
		at org.apache.catalina.core.ApplicationFilterChain.internalDoFilter(ApplicationFilterChain.java:209)
		at org.apache.catalina.core.ApplicationFilterChain.doFilter(ApplicationFilterChain.java:153)
		at org.apache.tomcat.websocket.server.WsFilter.doFilter(WsFilter.java:51)
		at org.apache.catalina.core.ApplicationFilterChain.internalDoFilter(ApplicationFilterChain.java:178)
		at org.apache.catalina.core.ApplicationFilterChain.doFilter(ApplicationFilterChain.java:153)
		at com.store.Controller.Admin.AdminLoginFilter.doFilter(AdminLoginFilter.java:31)
		at org.apache.catalina.core.ApplicationFilterChain.internalDoFilter(ApplicationFilterChain.java:178)
		at org.apache.catalina.core.ApplicationFilterChain.doFilter(ApplicationFilterChain.java:153)
		at org.apache.catalina.core.StandardWrapperValve.invoke(StandardWrapperValve.java:168)
		at org.apache.catalina.core.StandardContextValve.invoke(StandardContextValve.java:90)
		at org.apache.catalina.authenticator.AuthenticatorBase.invoke(AuthenticatorBase.java:481)
		at org.apache.catalina.core.StandardHostValve.invoke(StandardHostValve.java:130)
		at org.apache.catalina.valves.ErrorReportValve.invoke(ErrorReportValve.java:93)
		at org.apache.catalina.valves.AbstractAccessLogValve.invoke(AbstractAccessLogValve.java:670)
		at org.apache.catalina.core.StandardEngineValve.invoke(StandardEngineValve.java:74)
		at org.apache.catalina.connector.CoyoteAdapter.service(CoyoteAdapter.java:342)
		at org.apache.coyote.http11.Http11Processor.service(Http11Processor.java:390)
		at org.apache.coyote.AbstractProcessorLight.process(AbstractProcessorLight.java:63)
		at org.apache.coyote.AbstractProtocol$ConnectionHandler.process(AbstractProtocol.java:928)
		at org.apache.tomcat.util.net.NioEndpoint$SocketProcessor.doRun(NioEndpoint.java:1794)
		at org.apache.tomcat.util.net.SocketProcessorBase.run(SocketProcessorBase.java:52)
		at org.apache.tomcat.util.threads.ThreadPoolExecutor.runWorker(ThreadPoolExecutor.java:1191)
		at org.apache.tomcat.util.threads.ThreadPoolExecutor$Worker.run(ThreadPoolExecutor.java:659)
		at org.apache.tomcat.util.threads.TaskThread$WrappingRunnable.run(TaskThread.java:61)
		at java.base/java.lang.Thread.run(Thread.java:1583)
21-Jul-2025 10:04:50.932 SEVERE [http-nio-9999-exec-5] org.apache.catalina.core.StandardWrapperValve.invoke Servlet.service() for servlet [com.store.Controller.Admin.Order.ViewOrderDetailServlet] in context with path [/StoreWebsite] threw exception [An exception occurred processing [/admin/../common/common_order_detail.jsp] at line [150]

147:                             </tr>
148:                             <tr>
149:                                 <td><b>Country</b></td>
150:                                 <td>${order.countryName}</td>
151:                             </tr>
152:                         </table>
153:                     </c:if>


Stacktrace:] with root cause
	javax.el.PropertyNotFoundException: Property [countryName] not found on type [com.store.DTO.OrderDTO]
		at javax.el.BeanELResolver$BeanProperties.get(BeanELResolver.java:253)
		at javax.el.BeanELResolver$BeanProperties.access$300(BeanELResolver.java:206)
		at javax.el.BeanELResolver.property(BeanELResolver.java:322)
		at javax.el.BeanELResolver.getValue(BeanELResolver.java:93)
		at org.apache.jasper.el.JasperELResolver.getValue(JasperELResolver.java:125)
		at org.apache.el.parser.AstValue.getValue(AstValue.java:168)
		at org.apache.el.ValueExpressionImpl.getValue(ValueExpressionImpl.java:189)
		at org.apache.jasper.runtime.PageContextImpl.proprietaryEvaluate(PageContextImpl.java:690)
		at org.apache.jsp.admin.order_005fdetail_jsp._jspx_meth_c_005fif_005f4(order_005fdetail_jsp.java:971)
		at org.apache.jsp.admin.order_005fdetail_jsp._jspService(order_005fdetail_jsp.java:410)
		at org.apache.jasper.runtime.HttpJspBase.service(HttpJspBase.java:70)
		at javax.servlet.http.HttpServlet.service(HttpServlet.java:623)
		at org.apache.jasper.servlet.JspServletWrapper.service(JspServletWrapper.java:466)
		at org.apache.jasper.servlet.JspServlet.serviceJspFile(JspServlet.java:379)
		at org.apache.jasper.servlet.JspServlet.service(JspServlet.java:327)
		at javax.servlet.http.HttpServlet.service(HttpServlet.java:623)
		at org.apache.catalina.core.ApplicationFilterChain.internalDoFilter(ApplicationFilterChain.java:209)
		at org.apache.catalina.core.ApplicationFilterChain.doFilter(ApplicationFilterChain.java:153)
		at org.apache.tomcat.websocket.server.WsFilter.doFilter(WsFilter.java:51)
		at org.apache.catalina.core.ApplicationFilterChain.internalDoFilter(ApplicationFilterChain.java:178)
		at org.apache.catalina.core.ApplicationFilterChain.doFilter(ApplicationFilterChain.java:153)
		at org.apache.catalina.core.ApplicationDispatcher.invoke(ApplicationDispatcher.java:661)
		at org.apache.catalina.core.ApplicationDispatcher.processRequest(ApplicationDispatcher.java:425)
		at org.apache.catalina.core.ApplicationDispatcher.doForward(ApplicationDispatcher.java:357)
		at org.apache.catalina.core.ApplicationDispatcher.forward(ApplicationDispatcher.java:294)
		at com.store.Service.OrderService.viewOrderDetailForAdmin(OrderService.java:83)
		at com.store.Controller.Admin.Order.ViewOrderDetailServlet.doGet(ViewOrderDetailServlet.java:21)
		at javax.servlet.http.HttpServlet.service(HttpServlet.java:529)
		at javax.servlet.http.HttpServlet.service(HttpServlet.java:623)
		at org.apache.catalina.core.ApplicationFilterChain.internalDoFilter(ApplicationFilterChain.java:209)
		at org.apache.catalina.core.ApplicationFilterChain.doFilter(ApplicationFilterChain.java:153)
		at org.apache.tomcat.websocket.server.WsFilter.doFilter(WsFilter.java:51)
		at org.apache.catalina.core.ApplicationFilterChain.internalDoFilter(ApplicationFilterChain.java:178)
		at org.apache.catalina.core.ApplicationFilterChain.doFilter(ApplicationFilterChain.java:153)
		at com.store.Controller.Admin.AdminLoginFilter.doFilter(AdminLoginFilter.java:31)
		at org.apache.catalina.core.ApplicationFilterChain.internalDoFilter(ApplicationFilterChain.java:178)
		at org.apache.catalina.core.ApplicationFilterChain.doFilter(ApplicationFilterChain.java:153)
		at org.apache.catalina.core.StandardWrapperValve.invoke(StandardWrapperValve.java:168)
		at org.apache.catalina.core.StandardContextValve.invoke(StandardContextValve.java:90)
		at org.apache.catalina.authenticator.AuthenticatorBase.invoke(AuthenticatorBase.java:481)
		at org.apache.catalina.core.StandardHostValve.invoke(StandardHostValve.java:130)
		at org.apache.catalina.valves.ErrorReportValve.invoke(ErrorReportValve.java:93)
		at org.apache.catalina.valves.AbstractAccessLogValve.invoke(AbstractAccessLogValve.java:670)
		at org.apache.catalina.core.StandardEngineValve.invoke(StandardEngineValve.java:74)
		at org.apache.catalina.connector.CoyoteAdapter.service(CoyoteAdapter.java:342)
		at org.apache.coyote.http11.Http11Processor.service(Http11Processor.java:390)
		at org.apache.coyote.AbstractProcessorLight.process(AbstractProcessorLight.java:63)
		at org.apache.coyote.AbstractProtocol$ConnectionHandler.process(AbstractProtocol.java:928)
		at org.apache.tomcat.util.net.NioEndpoint$SocketProcessor.doRun(NioEndpoint.java:1794)
		at org.apache.tomcat.util.net.SocketProcessorBase.run(SocketProcessorBase.java:52)
		at org.apache.tomcat.util.threads.ThreadPoolExecutor.runWorker(ThreadPoolExecutor.java:1191)
		at org.apache.tomcat.util.threads.ThreadPoolExecutor$Worker.run(ThreadPoolExecutor.java:659)
		at org.apache.tomcat.util.threads.TaskThread$WrappingRunnable.run(TaskThread.java:61)
		at java.base/java.lang.Thread.run(Thread.java:1583)
21-Jul-2025 10:06:50.484 SEVERE [http-nio-9999-exec-5] org.apache.catalina.core.ApplicationDispatcher.invoke Servlet.service() for servlet [jsp] threw exception
	javax.el.PropertyNotFoundException: Property [countryName] not found on type [com.store.DTO.OrderDTO]
		at javax.el.BeanELResolver$BeanProperties.get(BeanELResolver.java:253)
		at javax.el.BeanELResolver$BeanProperties.access$300(BeanELResolver.java:206)
		at javax.el.BeanELResolver.property(BeanELResolver.java:322)
		at javax.el.BeanELResolver.getValue(BeanELResolver.java:93)
		at org.apache.jasper.el.JasperELResolver.getValue(JasperELResolver.java:125)
		at org.apache.el.parser.AstValue.getValue(AstValue.java:168)
		at org.apache.el.ValueExpressionImpl.getValue(ValueExpressionImpl.java:189)
		at org.apache.jasper.runtime.PageContextImpl.proprietaryEvaluate(PageContextImpl.java:690)
		at org.apache.jsp.admin.order_005fdetail_jsp._jspx_meth_c_005fif_005f4(order_005fdetail_jsp.java:971)
		at org.apache.jsp.admin.order_005fdetail_jsp._jspService(order_005fdetail_jsp.java:410)
		at org.apache.jasper.runtime.HttpJspBase.service(HttpJspBase.java:70)
		at javax.servlet.http.HttpServlet.service(HttpServlet.java:623)
		at org.apache.jasper.servlet.JspServletWrapper.service(JspServletWrapper.java:466)
		at org.apache.jasper.servlet.JspServlet.serviceJspFile(JspServlet.java:379)
		at org.apache.jasper.servlet.JspServlet.service(JspServlet.java:327)
		at javax.servlet.http.HttpServlet.service(HttpServlet.java:623)
		at org.apache.catalina.core.ApplicationFilterChain.internalDoFilter(ApplicationFilterChain.java:209)
		at org.apache.catalina.core.ApplicationFilterChain.doFilter(ApplicationFilterChain.java:153)
		at org.apache.tomcat.websocket.server.WsFilter.doFilter(WsFilter.java:51)
		at org.apache.catalina.core.ApplicationFilterChain.internalDoFilter(ApplicationFilterChain.java:178)
		at org.apache.catalina.core.ApplicationFilterChain.doFilter(ApplicationFilterChain.java:153)
		at org.apache.catalina.core.ApplicationDispatcher.invoke(ApplicationDispatcher.java:661)
		at org.apache.catalina.core.ApplicationDispatcher.processRequest(ApplicationDispatcher.java:425)
		at org.apache.catalina.core.ApplicationDispatcher.doForward(ApplicationDispatcher.java:357)
		at org.apache.catalina.core.ApplicationDispatcher.forward(ApplicationDispatcher.java:294)
		at com.store.Service.OrderService.viewOrderDetailForAdmin(OrderService.java:83)
		at com.store.Controller.Admin.Order.ViewOrderDetailServlet.doGet(ViewOrderDetailServlet.java:21)
		at javax.servlet.http.HttpServlet.service(HttpServlet.java:529)
		at javax.servlet.http.HttpServlet.service(HttpServlet.java:623)
		at org.apache.catalina.core.ApplicationFilterChain.internalDoFilter(ApplicationFilterChain.java:209)
		at org.apache.catalina.core.ApplicationFilterChain.doFilter(ApplicationFilterChain.java:153)
		at org.apache.tomcat.websocket.server.WsFilter.doFilter(WsFilter.java:51)
		at org.apache.catalina.core.ApplicationFilterChain.internalDoFilter(ApplicationFilterChain.java:178)
		at org.apache.catalina.core.ApplicationFilterChain.doFilter(ApplicationFilterChain.java:153)
		at com.store.Controller.Admin.AdminLoginFilter.doFilter(AdminLoginFilter.java:31)
		at org.apache.catalina.core.ApplicationFilterChain.internalDoFilter(ApplicationFilterChain.java:178)
		at org.apache.catalina.core.ApplicationFilterChain.doFilter(ApplicationFilterChain.java:153)
		at org.apache.catalina.core.StandardWrapperValve.invoke(StandardWrapperValve.java:168)
		at org.apache.catalina.core.StandardContextValve.invoke(StandardContextValve.java:90)
		at org.apache.catalina.authenticator.AuthenticatorBase.invoke(AuthenticatorBase.java:481)
		at org.apache.catalina.core.StandardHostValve.invoke(StandardHostValve.java:130)
		at org.apache.catalina.valves.ErrorReportValve.invoke(ErrorReportValve.java:93)
		at org.apache.catalina.valves.AbstractAccessLogValve.invoke(AbstractAccessLogValve.java:670)
		at org.apache.catalina.core.StandardEngineValve.invoke(StandardEngineValve.java:74)
		at org.apache.catalina.connector.CoyoteAdapter.service(CoyoteAdapter.java:342)
		at org.apache.coyote.http11.Http11Processor.service(Http11Processor.java:390)
		at org.apache.coyote.AbstractProcessorLight.process(AbstractProcessorLight.java:63)
		at org.apache.coyote.AbstractProtocol$ConnectionHandler.process(AbstractProtocol.java:928)
		at org.apache.tomcat.util.net.NioEndpoint$SocketProcessor.doRun(NioEndpoint.java:1794)
		at org.apache.tomcat.util.net.SocketProcessorBase.run(SocketProcessorBase.java:52)
		at org.apache.tomcat.util.threads.ThreadPoolExecutor.runWorker(ThreadPoolExecutor.java:1191)
		at org.apache.tomcat.util.threads.ThreadPoolExecutor$Worker.run(ThreadPoolExecutor.java:659)
		at org.apache.tomcat.util.threads.TaskThread$WrappingRunnable.run(TaskThread.java:61)
		at java.base/java.lang.Thread.run(Thread.java:1583)
21-Jul-2025 10:06:50.484 SEVERE [http-nio-9999-exec-5] org.apache.catalina.core.StandardWrapperValve.invoke Servlet.service() for servlet [com.store.Controller.Admin.Order.ViewOrderDetailServlet] in context with path [/StoreWebsite] threw exception [An exception occurred processing [/admin/../common/common_order_detail.jsp] at line [150]

147:                             </tr>
148:                             <tr>
149:                                 <td><b>Country</b></td>
150:                                 <td>${order.countryName}</td>
151:                             </tr>
152:                         </table>
153:                     </c:if>


Stacktrace:] with root cause
	javax.el.PropertyNotFoundException: Property [countryName] not found on type [com.store.DTO.OrderDTO]
		at javax.el.BeanELResolver$BeanProperties.get(BeanELResolver.java:253)
		at javax.el.BeanELResolver$BeanProperties.access$300(BeanELResolver.java:206)
		at javax.el.BeanELResolver.property(BeanELResolver.java:322)
		at javax.el.BeanELResolver.getValue(BeanELResolver.java:93)
		at org.apache.jasper.el.JasperELResolver.getValue(JasperELResolver.java:125)
		at org.apache.el.parser.AstValue.getValue(AstValue.java:168)
		at org.apache.el.ValueExpressionImpl.getValue(ValueExpressionImpl.java:189)
		at org.apache.jasper.runtime.PageContextImpl.proprietaryEvaluate(PageContextImpl.java:690)
		at org.apache.jsp.admin.order_005fdetail_jsp._jspx_meth_c_005fif_005f4(order_005fdetail_jsp.java:971)
		at org.apache.jsp.admin.order_005fdetail_jsp._jspService(order_005fdetail_jsp.java:410)
		at org.apache.jasper.runtime.HttpJspBase.service(HttpJspBase.java:70)
		at javax.servlet.http.HttpServlet.service(HttpServlet.java:623)
		at org.apache.jasper.servlet.JspServletWrapper.service(JspServletWrapper.java:466)
		at org.apache.jasper.servlet.JspServlet.serviceJspFile(JspServlet.java:379)
		at org.apache.jasper.servlet.JspServlet.service(JspServlet.java:327)
		at javax.servlet.http.HttpServlet.service(HttpServlet.java:623)
		at org.apache.catalina.core.ApplicationFilterChain.internalDoFilter(ApplicationFilterChain.java:209)
		at org.apache.catalina.core.ApplicationFilterChain.doFilter(ApplicationFilterChain.java:153)
		at org.apache.tomcat.websocket.server.WsFilter.doFilter(WsFilter.java:51)
		at org.apache.catalina.core.ApplicationFilterChain.internalDoFilter(ApplicationFilterChain.java:178)
		at org.apache.catalina.core.ApplicationFilterChain.doFilter(ApplicationFilterChain.java:153)
		at org.apache.catalina.core.ApplicationDispatcher.invoke(ApplicationDispatcher.java:661)
		at org.apache.catalina.core.ApplicationDispatcher.processRequest(ApplicationDispatcher.java:425)
		at org.apache.catalina.core.ApplicationDispatcher.doForward(ApplicationDispatcher.java:357)
		at org.apache.catalina.core.ApplicationDispatcher.forward(ApplicationDispatcher.java:294)
		at com.store.Service.OrderService.viewOrderDetailForAdmin(OrderService.java:83)
		at com.store.Controller.Admin.Order.ViewOrderDetailServlet.doGet(ViewOrderDetailServlet.java:21)
		at javax.servlet.http.HttpServlet.service(HttpServlet.java:529)
		at javax.servlet.http.HttpServlet.service(HttpServlet.java:623)
		at org.apache.catalina.core.ApplicationFilterChain.internalDoFilter(ApplicationFilterChain.java:209)
		at org.apache.catalina.core.ApplicationFilterChain.doFilter(ApplicationFilterChain.java:153)
		at org.apache.tomcat.websocket.server.WsFilter.doFilter(WsFilter.java:51)
		at org.apache.catalina.core.ApplicationFilterChain.internalDoFilter(ApplicationFilterChain.java:178)
		at org.apache.catalina.core.ApplicationFilterChain.doFilter(ApplicationFilterChain.java:153)
		at com.store.Controller.Admin.AdminLoginFilter.doFilter(AdminLoginFilter.java:31)
		at org.apache.catalina.core.ApplicationFilterChain.internalDoFilter(ApplicationFilterChain.java:178)
		at org.apache.catalina.core.ApplicationFilterChain.doFilter(ApplicationFilterChain.java:153)
		at org.apache.catalina.core.StandardWrapperValve.invoke(StandardWrapperValve.java:168)
		at org.apache.catalina.core.StandardContextValve.invoke(StandardContextValve.java:90)
		at org.apache.catalina.authenticator.AuthenticatorBase.invoke(AuthenticatorBase.java:481)
		at org.apache.catalina.core.StandardHostValve.invoke(StandardHostValve.java:130)
		at org.apache.catalina.valves.ErrorReportValve.invoke(ErrorReportValve.java:93)
		at org.apache.catalina.valves.AbstractAccessLogValve.invoke(AbstractAccessLogValve.java:670)
		at org.apache.catalina.core.StandardEngineValve.invoke(StandardEngineValve.java:74)
		at org.apache.catalina.connector.CoyoteAdapter.service(CoyoteAdapter.java:342)
		at org.apache.coyote.http11.Http11Processor.service(Http11Processor.java:390)
		at org.apache.coyote.AbstractProcessorLight.process(AbstractProcessorLight.java:63)
		at org.apache.coyote.AbstractProtocol$ConnectionHandler.process(AbstractProtocol.java:928)
		at org.apache.tomcat.util.net.NioEndpoint$SocketProcessor.doRun(NioEndpoint.java:1794)
		at org.apache.tomcat.util.net.SocketProcessorBase.run(SocketProcessorBase.java:52)
		at org.apache.tomcat.util.threads.ThreadPoolExecutor.runWorker(ThreadPoolExecutor.java:1191)
		at org.apache.tomcat.util.threads.ThreadPoolExecutor$Worker.run(ThreadPoolExecutor.java:659)
		at org.apache.tomcat.util.threads.TaskThread$WrappingRunnable.run(TaskThread.java:61)
		at java.base/java.lang.Thread.run(Thread.java:1583)
21-Jul-2025 10:18:25.242 SEVERE [http-nio-9999-exec-1] org.apache.catalina.core.ApplicationDispatcher.invoke Servlet.service() for servlet [jsp] threw exception
	javax.el.PropertyNotFoundException: Property [subTotal] not found on type [com.store.DTO.OrderDetailDTO]
		at javax.el.BeanELResolver$BeanProperties.get(BeanELResolver.java:253)
		at javax.el.BeanELResolver$BeanProperties.access$300(BeanELResolver.java:206)
		at javax.el.BeanELResolver.property(BeanELResolver.java:322)
		at javax.el.BeanELResolver.getValue(BeanELResolver.java:93)
		at org.apache.jasper.el.JasperELResolver.getValue(JasperELResolver.java:125)
		at org.apache.el.parser.AstValue.getValue(AstValue.java:168)
		at org.apache.el.ValueExpressionImpl.getValue(ValueExpressionImpl.java:189)
		at org.apache.jasper.runtime.PageContextImpl.proprietaryEvaluate(PageContextImpl.java:690)
		at org.apache.jsp.admin.order_005fdetail_jsp._jspx_meth_fmt_005fformatNumber_005f2(order_005fdetail_jsp.java:1116)
		at org.apache.jsp.admin.order_005fdetail_jsp._jspx_meth_c_005fforEach_005f0(order_005fdetail_jsp.java:1049)
		at org.apache.jsp.admin.order_005fdetail_jsp._jspService(order_005fdetail_jsp.java:444)
		at org.apache.jasper.runtime.HttpJspBase.service(HttpJspBase.java:70)
		at javax.servlet.http.HttpServlet.service(HttpServlet.java:623)
		at org.apache.jasper.servlet.JspServletWrapper.service(JspServletWrapper.java:466)
		at org.apache.jasper.servlet.JspServlet.serviceJspFile(JspServlet.java:379)
		at org.apache.jasper.servlet.JspServlet.service(JspServlet.java:327)
		at javax.servlet.http.HttpServlet.service(HttpServlet.java:623)
		at org.apache.catalina.core.ApplicationFilterChain.internalDoFilter(ApplicationFilterChain.java:209)
		at org.apache.catalina.core.ApplicationFilterChain.doFilter(ApplicationFilterChain.java:153)
		at org.apache.tomcat.websocket.server.WsFilter.doFilter(WsFilter.java:51)
		at org.apache.catalina.core.ApplicationFilterChain.internalDoFilter(ApplicationFilterChain.java:178)
		at org.apache.catalina.core.ApplicationFilterChain.doFilter(ApplicationFilterChain.java:153)
		at org.apache.catalina.core.ApplicationDispatcher.invoke(ApplicationDispatcher.java:661)
		at org.apache.catalina.core.ApplicationDispatcher.processRequest(ApplicationDispatcher.java:425)
		at org.apache.catalina.core.ApplicationDispatcher.doForward(ApplicationDispatcher.java:357)
		at org.apache.catalina.core.ApplicationDispatcher.forward(ApplicationDispatcher.java:294)
		at com.store.Service.OrderService.viewOrderDetailForAdmin(OrderService.java:83)
		at com.store.Controller.Admin.Order.ViewOrderDetailServlet.doGet(ViewOrderDetailServlet.java:21)
		at javax.servlet.http.HttpServlet.service(HttpServlet.java:529)
		at javax.servlet.http.HttpServlet.service(HttpServlet.java:623)
		at org.apache.catalina.core.ApplicationFilterChain.internalDoFilter(ApplicationFilterChain.java:209)
		at org.apache.catalina.core.ApplicationFilterChain.doFilter(ApplicationFilterChain.java:153)
		at org.apache.tomcat.websocket.server.WsFilter.doFilter(WsFilter.java:51)
		at org.apache.catalina.core.ApplicationFilterChain.internalDoFilter(ApplicationFilterChain.java:178)
		at org.apache.catalina.core.ApplicationFilterChain.doFilter(ApplicationFilterChain.java:153)
		at com.store.Controller.Admin.AdminLoginFilter.doFilter(AdminLoginFilter.java:31)
		at org.apache.catalina.core.ApplicationFilterChain.internalDoFilter(ApplicationFilterChain.java:178)
		at org.apache.catalina.core.ApplicationFilterChain.doFilter(ApplicationFilterChain.java:153)
		at org.apache.catalina.core.StandardWrapperValve.invoke(StandardWrapperValve.java:168)
		at org.apache.catalina.core.StandardContextValve.invoke(StandardContextValve.java:90)
		at org.apache.catalina.authenticator.AuthenticatorBase.invoke(AuthenticatorBase.java:481)
		at org.apache.catalina.core.StandardHostValve.invoke(StandardHostValve.java:130)
		at org.apache.catalina.valves.ErrorReportValve.invoke(ErrorReportValve.java:93)
		at org.apache.catalina.valves.AbstractAccessLogValve.invoke(AbstractAccessLogValve.java:670)
		at org.apache.catalina.core.StandardEngineValve.invoke(StandardEngineValve.java:74)
		at org.apache.catalina.connector.CoyoteAdapter.service(CoyoteAdapter.java:342)
		at org.apache.coyote.http11.Http11Processor.service(Http11Processor.java:390)
		at org.apache.coyote.AbstractProcessorLight.process(AbstractProcessorLight.java:63)
		at org.apache.coyote.AbstractProtocol$ConnectionHandler.process(AbstractProtocol.java:928)
		at org.apache.tomcat.util.net.NioEndpoint$SocketProcessor.doRun(NioEndpoint.java:1794)
		at org.apache.tomcat.util.net.SocketProcessorBase.run(SocketProcessorBase.java:52)
		at org.apache.tomcat.util.threads.ThreadPoolExecutor.runWorker(ThreadPoolExecutor.java:1191)
		at org.apache.tomcat.util.threads.ThreadPoolExecutor$Worker.run(ThreadPoolExecutor.java:659)
		at org.apache.tomcat.util.threads.TaskThread$WrappingRunnable.run(TaskThread.java:61)
		at java.base/java.lang.Thread.run(Thread.java:1583)
21-Jul-2025 10:18:25.242 SEVERE [http-nio-9999-exec-1] org.apache.catalina.core.StandardWrapperValve.invoke Servlet.service() for servlet [com.store.Controller.Admin.Order.ViewOrderDetailServlet] in context with path [/StoreWebsite] threw exception [An exception occurred processing [/admin/../common/common_order_detail.jsp] at line [195]

192:                                 <td class="text-center">${orderDetail.productVariant.brand}</td>
193:                                 <td class="text-center"><fmt:formatNumber type="currency" value="${orderDetail.productVariant.price}"/></td>
194:                                 <td class="text-center">${orderDetail.quantity}</td>
195:                                 <td class="text-center"><fmt:formatNumber type="currency" value="${orderDetail.subTotal}"/></td>
196:                             </tr>
197:                         </c:forEach>
198:                         <tr>


Stacktrace:] with root cause
	javax.el.PropertyNotFoundException: Property [subTotal] not found on type [com.store.DTO.OrderDetailDTO]
		at javax.el.BeanELResolver$BeanProperties.get(BeanELResolver.java:253)
		at javax.el.BeanELResolver$BeanProperties.access$300(BeanELResolver.java:206)
		at javax.el.BeanELResolver.property(BeanELResolver.java:322)
		at javax.el.BeanELResolver.getValue(BeanELResolver.java:93)
		at org.apache.jasper.el.JasperELResolver.getValue(JasperELResolver.java:125)
		at org.apache.el.parser.AstValue.getValue(AstValue.java:168)
		at org.apache.el.ValueExpressionImpl.getValue(ValueExpressionImpl.java:189)
		at org.apache.jasper.runtime.PageContextImpl.proprietaryEvaluate(PageContextImpl.java:690)
		at org.apache.jsp.admin.order_005fdetail_jsp._jspx_meth_fmt_005fformatNumber_005f2(order_005fdetail_jsp.java:1116)
		at org.apache.jsp.admin.order_005fdetail_jsp._jspx_meth_c_005fforEach_005f0(order_005fdetail_jsp.java:1049)
		at org.apache.jsp.admin.order_005fdetail_jsp._jspService(order_005fdetail_jsp.java:444)
		at org.apache.jasper.runtime.HttpJspBase.service(HttpJspBase.java:70)
		at javax.servlet.http.HttpServlet.service(HttpServlet.java:623)
		at org.apache.jasper.servlet.JspServletWrapper.service(JspServletWrapper.java:466)
		at org.apache.jasper.servlet.JspServlet.serviceJspFile(JspServlet.java:379)
		at org.apache.jasper.servlet.JspServlet.service(JspServlet.java:327)
		at javax.servlet.http.HttpServlet.service(HttpServlet.java:623)
		at org.apache.catalina.core.ApplicationFilterChain.internalDoFilter(ApplicationFilterChain.java:209)
		at org.apache.catalina.core.ApplicationFilterChain.doFilter(ApplicationFilterChain.java:153)
		at org.apache.tomcat.websocket.server.WsFilter.doFilter(WsFilter.java:51)
		at org.apache.catalina.core.ApplicationFilterChain.internalDoFilter(ApplicationFilterChain.java:178)
		at org.apache.catalina.core.ApplicationFilterChain.doFilter(ApplicationFilterChain.java:153)
		at org.apache.catalina.core.ApplicationDispatcher.invoke(ApplicationDispatcher.java:661)
		at org.apache.catalina.core.ApplicationDispatcher.processRequest(ApplicationDispatcher.java:425)
		at org.apache.catalina.core.ApplicationDispatcher.doForward(ApplicationDispatcher.java:357)
		at org.apache.catalina.core.ApplicationDispatcher.forward(ApplicationDispatcher.java:294)
		at com.store.Service.OrderService.viewOrderDetailForAdmin(OrderService.java:83)
		at com.store.Controller.Admin.Order.ViewOrderDetailServlet.doGet(ViewOrderDetailServlet.java:21)
		at javax.servlet.http.HttpServlet.service(HttpServlet.java:529)
		at javax.servlet.http.HttpServlet.service(HttpServlet.java:623)
		at org.apache.catalina.core.ApplicationFilterChain.internalDoFilter(ApplicationFilterChain.java:209)
		at org.apache.catalina.core.ApplicationFilterChain.doFilter(ApplicationFilterChain.java:153)
		at org.apache.tomcat.websocket.server.WsFilter.doFilter(WsFilter.java:51)
		at org.apache.catalina.core.ApplicationFilterChain.internalDoFilter(ApplicationFilterChain.java:178)
		at org.apache.catalina.core.ApplicationFilterChain.doFilter(ApplicationFilterChain.java:153)
		at com.store.Controller.Admin.AdminLoginFilter.doFilter(AdminLoginFilter.java:31)
		at org.apache.catalina.core.ApplicationFilterChain.internalDoFilter(ApplicationFilterChain.java:178)
		at org.apache.catalina.core.ApplicationFilterChain.doFilter(ApplicationFilterChain.java:153)
		at org.apache.catalina.core.StandardWrapperValve.invoke(StandardWrapperValve.java:168)
		at org.apache.catalina.core.StandardContextValve.invoke(StandardContextValve.java:90)
		at org.apache.catalina.authenticator.AuthenticatorBase.invoke(AuthenticatorBase.java:481)
		at org.apache.catalina.core.StandardHostValve.invoke(StandardHostValve.java:130)
		at org.apache.catalina.valves.ErrorReportValve.invoke(ErrorReportValve.java:93)
		at org.apache.catalina.valves.AbstractAccessLogValve.invoke(AbstractAccessLogValve.java:670)
		at org.apache.catalina.core.StandardEngineValve.invoke(StandardEngineValve.java:74)
		at org.apache.catalina.connector.CoyoteAdapter.service(CoyoteAdapter.java:342)
		at org.apache.coyote.http11.Http11Processor.service(Http11Processor.java:390)
		at org.apache.coyote.AbstractProcessorLight.process(AbstractProcessorLight.java:63)
		at org.apache.coyote.AbstractProtocol$ConnectionHandler.process(AbstractProtocol.java:928)
		at org.apache.tomcat.util.net.NioEndpoint$SocketProcessor.doRun(NioEndpoint.java:1794)
		at org.apache.tomcat.util.net.SocketProcessorBase.run(SocketProcessorBase.java:52)
		at org.apache.tomcat.util.threads.ThreadPoolExecutor.runWorker(ThreadPoolExecutor.java:1191)
		at org.apache.tomcat.util.threads.ThreadPoolExecutor$Worker.run(ThreadPoolExecutor.java:659)
		at org.apache.tomcat.util.threads.TaskThread$WrappingRunnable.run(TaskThread.java:61)
		at java.base/java.lang.Thread.run(Thread.java:1583)
21-Jul-2025 10:30:59.385 SEVERE [http-nio-9999-exec-7] org.apache.catalina.core.StandardWrapperValve.invoke Servlet.service() for servlet [com.store.Controller.Admin.Order.ViewOrderDetailServlet] in context with path [/StoreWebsite] threw exception [Servlet execution threw an exception] with root cause
	javax.persistence.PersistenceException: No Persistence provider for EntityManager named StoreWebsite
		at javax.persistence.Persistence.createEntityManagerFactory(Persistence.java:85)
		at javax.persistence.Persistence.createEntityManagerFactory(Persistence.java:54)
		at com.store.DAO.JPADAO.<clinit>(JPADAO.java:12)
		at com.store.Service.OrderService.<init>(OrderService.java:33)
		at com.store.Controller.Admin.Order.ViewOrderDetailServlet.doGet(ViewOrderDetailServlet.java:20)
		at javax.servlet.http.HttpServlet.service(HttpServlet.java:529)
		at javax.servlet.http.HttpServlet.service(HttpServlet.java:623)
		at org.apache.catalina.core.ApplicationFilterChain.internalDoFilter(ApplicationFilterChain.java:209)
		at org.apache.catalina.core.ApplicationFilterChain.doFilter(ApplicationFilterChain.java:153)
		at org.apache.tomcat.websocket.server.WsFilter.doFilter(WsFilter.java:51)
		at org.apache.catalina.core.ApplicationFilterChain.internalDoFilter(ApplicationFilterChain.java:178)
		at org.apache.catalina.core.ApplicationFilterChain.doFilter(ApplicationFilterChain.java:153)
		at com.store.Controller.Admin.AdminLoginFilter.doFilter(AdminLoginFilter.java:31)
		at org.apache.catalina.core.ApplicationFilterChain.internalDoFilter(ApplicationFilterChain.java:178)
		at org.apache.catalina.core.ApplicationFilterChain.doFilter(ApplicationFilterChain.java:153)
		at org.apache.catalina.core.StandardWrapperValve.invoke(StandardWrapperValve.java:168)
		at org.apache.catalina.core.StandardContextValve.invoke(StandardContextValve.java:90)
		at org.apache.catalina.authenticator.AuthenticatorBase.invoke(AuthenticatorBase.java:481)
		at org.apache.catalina.core.StandardHostValve.invoke(StandardHostValve.java:130)
		at org.apache.catalina.valves.ErrorReportValve.invoke(ErrorReportValve.java:93)
		at org.apache.catalina.valves.AbstractAccessLogValve.invoke(AbstractAccessLogValve.java:670)
		at org.apache.catalina.core.StandardEngineValve.invoke(StandardEngineValve.java:74)
		at org.apache.catalina.connector.CoyoteAdapter.service(CoyoteAdapter.java:342)
		at org.apache.coyote.http11.Http11Processor.service(Http11Processor.java:390)
		at org.apache.coyote.AbstractProcessorLight.process(AbstractProcessorLight.java:63)
		at org.apache.coyote.AbstractProtocol$ConnectionHandler.process(AbstractProtocol.java:928)
		at org.apache.tomcat.util.net.NioEndpoint$SocketProcessor.doRun(NioEndpoint.java:1794)
		at org.apache.tomcat.util.net.SocketProcessorBase.run(SocketProcessorBase.java:52)
		at org.apache.tomcat.util.threads.ThreadPoolExecutor.runWorker(ThreadPoolExecutor.java:1191)
		at org.apache.tomcat.util.threads.ThreadPoolExecutor$Worker.run(ThreadPoolExecutor.java:659)
		at org.apache.tomcat.util.threads.TaskThread$WrappingRunnable.run(TaskThread.java:61)
		at java.base/java.lang.Thread.run(Thread.java:1583)
21-Jul-2025 11:04:02.016 SEVERE [http-nio-9999-exec-5] org.apache.catalina.core.ApplicationDispatcher.invoke Servlet.service() for servlet [jsp] threw exception
	javax.el.PropertyNotFoundException: Property [promotion] not found on type [com.store.DTO.OrderPromotionDTO]
		at javax.el.BeanELResolver$BeanProperties.get(BeanELResolver.java:253)
		at javax.el.BeanELResolver$BeanProperties.access$300(BeanELResolver.java:206)
		at javax.el.BeanELResolver.property(BeanELResolver.java:322)
		at javax.el.BeanELResolver.getValue(BeanELResolver.java:93)
		at org.apache.jasper.el.JasperELResolver.getValue(JasperELResolver.java:125)
		at org.apache.el.parser.AstValue.getValue(AstValue.java:168)
		at org.apache.el.parser.AstEqual.getValue(AstEqual.java:36)
		at org.apache.el.ValueExpressionImpl.getValue(ValueExpressionImpl.java:189)
		at org.apache.jasper.runtime.PageContextImpl.proprietaryEvaluate(PageContextImpl.java:690)
		at org.apache.jsp.admin.order_005fform_jsp._jspx_meth_c_005fwhen_005f0(order_005fform_jsp.java:1111)
		at org.apache.jsp.admin.order_005fform_jsp._jspx_meth_c_005fchoose_005f0(order_005fform_jsp.java:1075)
		at org.apache.jsp.admin.order_005fform_jsp._jspx_meth_c_005fforEach_005f1(order_005fform_jsp.java:1033)
		at org.apache.jsp.admin.order_005fform_jsp._jspx_meth_c_005fif_005f3(order_005fform_jsp.java:992)
		at org.apache.jsp.admin.order_005fform_jsp._jspService(order_005fform_jsp.java:496)
		at org.apache.jasper.runtime.HttpJspBase.service(HttpJspBase.java:70)
		at javax.servlet.http.HttpServlet.service(HttpServlet.java:623)
		at org.apache.jasper.servlet.JspServletWrapper.service(JspServletWrapper.java:466)
		at org.apache.jasper.servlet.JspServlet.serviceJspFile(JspServlet.java:379)
		at org.apache.jasper.servlet.JspServlet.service(JspServlet.java:327)
		at javax.servlet.http.HttpServlet.service(HttpServlet.java:623)
		at org.apache.catalina.core.ApplicationFilterChain.internalDoFilter(ApplicationFilterChain.java:209)
		at org.apache.catalina.core.ApplicationFilterChain.doFilter(ApplicationFilterChain.java:153)
		at org.apache.tomcat.websocket.server.WsFilter.doFilter(WsFilter.java:51)
		at org.apache.catalina.core.ApplicationFilterChain.internalDoFilter(ApplicationFilterChain.java:178)
		at org.apache.catalina.core.ApplicationFilterChain.doFilter(ApplicationFilterChain.java:153)
		at org.apache.catalina.core.ApplicationDispatcher.invoke(ApplicationDispatcher.java:661)
		at org.apache.catalina.core.ApplicationDispatcher.processRequest(ApplicationDispatcher.java:425)
		at org.apache.catalina.core.ApplicationDispatcher.doForward(ApplicationDispatcher.java:357)
		at org.apache.catalina.core.ApplicationDispatcher.forward(ApplicationDispatcher.java:294)
		at com.store.Service.OrderService.showEditOrderForm(OrderService.java:100)
		at com.store.Controller.Admin.Order.EditOrderServlet.doGet(EditOrderServlet.java:25)
		at javax.servlet.http.HttpServlet.service(HttpServlet.java:529)
		at javax.servlet.http.HttpServlet.service(HttpServlet.java:623)
		at org.apache.catalina.core.ApplicationFilterChain.internalDoFilter(ApplicationFilterChain.java:209)
		at org.apache.catalina.core.ApplicationFilterChain.doFilter(ApplicationFilterChain.java:153)
		at org.apache.tomcat.websocket.server.WsFilter.doFilter(WsFilter.java:51)
		at org.apache.catalina.core.ApplicationFilterChain.internalDoFilter(ApplicationFilterChain.java:178)
		at org.apache.catalina.core.ApplicationFilterChain.doFilter(ApplicationFilterChain.java:153)
		at com.store.Controller.Admin.AdminLoginFilter.doFilter(AdminLoginFilter.java:31)
		at org.apache.catalina.core.ApplicationFilterChain.internalDoFilter(ApplicationFilterChain.java:178)
		at org.apache.catalina.core.ApplicationFilterChain.doFilter(ApplicationFilterChain.java:153)
		at org.apache.catalina.core.StandardWrapperValve.invoke(StandardWrapperValve.java:168)
		at org.apache.catalina.core.StandardContextValve.invoke(StandardContextValve.java:90)
		at org.apache.catalina.authenticator.AuthenticatorBase.invoke(AuthenticatorBase.java:481)
		at org.apache.catalina.core.StandardHostValve.invoke(StandardHostValve.java:130)
		at org.apache.catalina.valves.ErrorReportValve.invoke(ErrorReportValve.java:93)
		at org.apache.catalina.valves.AbstractAccessLogValve.invoke(AbstractAccessLogValve.java:670)
		at org.apache.catalina.core.StandardEngineValve.invoke(StandardEngineValve.java:74)
		at org.apache.catalina.connector.CoyoteAdapter.service(CoyoteAdapter.java:342)
		at org.apache.coyote.http11.Http11Processor.service(Http11Processor.java:390)
		at org.apache.coyote.AbstractProcessorLight.process(AbstractProcessorLight.java:63)
		at org.apache.coyote.AbstractProtocol$ConnectionHandler.process(AbstractProtocol.java:928)
		at org.apache.tomcat.util.net.NioEndpoint$SocketProcessor.doRun(NioEndpoint.java:1794)
		at org.apache.tomcat.util.net.SocketProcessorBase.run(SocketProcessorBase.java:52)
		at org.apache.tomcat.util.threads.ThreadPoolExecutor.runWorker(ThreadPoolExecutor.java:1191)
		at org.apache.tomcat.util.threads.ThreadPoolExecutor$Worker.run(ThreadPoolExecutor.java:659)
		at org.apache.tomcat.util.threads.TaskThread$WrappingRunnable.run(TaskThread.java:61)
		at java.base/java.lang.Thread.run(Thread.java:1583)
21-Jul-2025 11:04:02.016 SEVERE [http-nio-9999-exec-5] org.apache.catalina.core.StandardWrapperValve.invoke Servlet.service() for servlet [com.store.Controller.Admin.Order.EditOrderServlet] in context with path [/StoreWebsite] threw exception [An exception occurred processing [/admin/order_form.jsp] at line [191]

188: 								<c:if test="${fn:length(orderPromotions) > 0}">
189: 									<c:forEach items="${orderPromotions}" var="orderPromotion">
190: 										<c:choose>
191: 											<c:when test="${orderPromotion.promotion.type eq 'shipping_discount'}">
192: 												<p><b>Shipping Discount: </b><fmt:formatNumber type="currency" value="-${orderPromotion.discountPrice}"/></p>
193: 												<c:if test="${fn:length(orderPromotions) == 1}">
194: 													<p><b>Order Discount: </b><fmt:formatNumber type="currency" value="0"/></p>


Stacktrace:] with root cause
	javax.el.PropertyNotFoundException: Property [promotion] not found on type [com.store.DTO.OrderPromotionDTO]
		at javax.el.BeanELResolver$BeanProperties.get(BeanELResolver.java:253)
		at javax.el.BeanELResolver$BeanProperties.access$300(BeanELResolver.java:206)
		at javax.el.BeanELResolver.property(BeanELResolver.java:322)
		at javax.el.BeanELResolver.getValue(BeanELResolver.java:93)
		at org.apache.jasper.el.JasperELResolver.getValue(JasperELResolver.java:125)
		at org.apache.el.parser.AstValue.getValue(AstValue.java:168)
		at org.apache.el.parser.AstEqual.getValue(AstEqual.java:36)
		at org.apache.el.ValueExpressionImpl.getValue(ValueExpressionImpl.java:189)
		at org.apache.jasper.runtime.PageContextImpl.proprietaryEvaluate(PageContextImpl.java:690)
		at org.apache.jsp.admin.order_005fform_jsp._jspx_meth_c_005fwhen_005f0(order_005fform_jsp.java:1111)
		at org.apache.jsp.admin.order_005fform_jsp._jspx_meth_c_005fchoose_005f0(order_005fform_jsp.java:1075)
		at org.apache.jsp.admin.order_005fform_jsp._jspx_meth_c_005fforEach_005f1(order_005fform_jsp.java:1033)
		at org.apache.jsp.admin.order_005fform_jsp._jspx_meth_c_005fif_005f3(order_005fform_jsp.java:992)
		at org.apache.jsp.admin.order_005fform_jsp._jspService(order_005fform_jsp.java:496)
		at org.apache.jasper.runtime.HttpJspBase.service(HttpJspBase.java:70)
		at javax.servlet.http.HttpServlet.service(HttpServlet.java:623)
		at org.apache.jasper.servlet.JspServletWrapper.service(JspServletWrapper.java:466)
		at org.apache.jasper.servlet.JspServlet.serviceJspFile(JspServlet.java:379)
		at org.apache.jasper.servlet.JspServlet.service(JspServlet.java:327)
		at javax.servlet.http.HttpServlet.service(HttpServlet.java:623)
		at org.apache.catalina.core.ApplicationFilterChain.internalDoFilter(ApplicationFilterChain.java:209)
		at org.apache.catalina.core.ApplicationFilterChain.doFilter(ApplicationFilterChain.java:153)
		at org.apache.tomcat.websocket.server.WsFilter.doFilter(WsFilter.java:51)
		at org.apache.catalina.core.ApplicationFilterChain.internalDoFilter(ApplicationFilterChain.java:178)
		at org.apache.catalina.core.ApplicationFilterChain.doFilter(ApplicationFilterChain.java:153)
		at org.apache.catalina.core.ApplicationDispatcher.invoke(ApplicationDispatcher.java:661)
		at org.apache.catalina.core.ApplicationDispatcher.processRequest(ApplicationDispatcher.java:425)
		at org.apache.catalina.core.ApplicationDispatcher.doForward(ApplicationDispatcher.java:357)
		at org.apache.catalina.core.ApplicationDispatcher.forward(ApplicationDispatcher.java:294)
		at com.store.Service.OrderService.showEditOrderForm(OrderService.java:100)
		at com.store.Controller.Admin.Order.EditOrderServlet.doGet(EditOrderServlet.java:25)
		at javax.servlet.http.HttpServlet.service(HttpServlet.java:529)
		at javax.servlet.http.HttpServlet.service(HttpServlet.java:623)
		at org.apache.catalina.core.ApplicationFilterChain.internalDoFilter(ApplicationFilterChain.java:209)
		at org.apache.catalina.core.ApplicationFilterChain.doFilter(ApplicationFilterChain.java:153)
		at org.apache.tomcat.websocket.server.WsFilter.doFilter(WsFilter.java:51)
		at org.apache.catalina.core.ApplicationFilterChain.internalDoFilter(ApplicationFilterChain.java:178)
		at org.apache.catalina.core.ApplicationFilterChain.doFilter(ApplicationFilterChain.java:153)
		at com.store.Controller.Admin.AdminLoginFilter.doFilter(AdminLoginFilter.java:31)
		at org.apache.catalina.core.ApplicationFilterChain.internalDoFilter(ApplicationFilterChain.java:178)
		at org.apache.catalina.core.ApplicationFilterChain.doFilter(ApplicationFilterChain.java:153)
		at org.apache.catalina.core.StandardWrapperValve.invoke(StandardWrapperValve.java:168)
		at org.apache.catalina.core.StandardContextValve.invoke(StandardContextValve.java:90)
		at org.apache.catalina.authenticator.AuthenticatorBase.invoke(AuthenticatorBase.java:481)
		at org.apache.catalina.core.StandardHostValve.invoke(StandardHostValve.java:130)
		at org.apache.catalina.valves.ErrorReportValve.invoke(ErrorReportValve.java:93)
		at org.apache.catalina.valves.AbstractAccessLogValve.invoke(AbstractAccessLogValve.java:670)
		at org.apache.catalina.core.StandardEngineValve.invoke(StandardEngineValve.java:74)
		at org.apache.catalina.connector.CoyoteAdapter.service(CoyoteAdapter.java:342)
		at org.apache.coyote.http11.Http11Processor.service(Http11Processor.java:390)
		at org.apache.coyote.AbstractProcessorLight.process(AbstractProcessorLight.java:63)
		at org.apache.coyote.AbstractProtocol$ConnectionHandler.process(AbstractProtocol.java:928)
		at org.apache.tomcat.util.net.NioEndpoint$SocketProcessor.doRun(NioEndpoint.java:1794)
		at org.apache.tomcat.util.net.SocketProcessorBase.run(SocketProcessorBase.java:52)
		at org.apache.tomcat.util.threads.ThreadPoolExecutor.runWorker(ThreadPoolExecutor.java:1191)
		at org.apache.tomcat.util.threads.ThreadPoolExecutor$Worker.run(ThreadPoolExecutor.java:659)
		at org.apache.tomcat.util.threads.TaskThread$WrappingRunnable.run(TaskThread.java:61)
		at java.base/java.lang.Thread.run(Thread.java:1583)
